<?xml version="1.0" encoding="UTF-8"?>
<testsuite xmlns:xsi="http://www.w3.org/2001/XMLSchema-instance" xsi:noNamespaceSchemaLocation="https://maven.apache.org/surefire/maven-surefire-plugin/xsd/surefire-test-report.xsd" name="com.divisosofttech.AppTest" time="0.107" tests="1" errors="0" skipped="0" failures="0">
  <properties>
    <property name="java.specification.version" value="22"/>
    <property name="sun.cpu.isalist" value="amd64"/>
    <property name="sun.jnu.encoding" value="Cp1252"/>
    <property name="java.class.path" value="C:\000-projects\000024-Turing\secretagentchallenge\secretagentchallenge\target\test-classes;C:\000-projects\000024-Turing\secretagentchallenge\secretagentchallenge\target\classes;C:\Users\ajith\.m2\repository\junit\junit\4.11\junit-4.11.jar;C:\Users\ajith\.m2\repository\org\hamcrest\hamcrest-core\1.3\hamcrest-core-1.3.jar;C:\Users\ajith\.m2\repository\org\fusesource\jansi\jansi\2.3.2\jansi-2.3.2.jar;"/>
    <property name="java.vm.vendor" value="Oracle Corporation"/>
    <property name="sun.arch.data.model" value="64"/>
    <property name="user.variant" value=""/>
    <property name="java.vendor.url" value="https://java.oracle.com/"/>
    <property name="user.timezone" value="Asia/Calcutta"/>
    <property name="os.name" value="Windows 11"/>
    <property name="java.vm.specification.version" value="22"/>
    <property name="sun.java.launcher" value="SUN_STANDARD"/>
    <property name="user.country" value="IN"/>
    <property name="sun.boot.library.path" value="C:\Program Files\Java\jdk-22\bin"/>
    <property name="sun.java.command" value="C:\Users\ajith\AppData\Local\Temp\surefire11256461892939138386\surefirebooter17486093990118438659.jar C:\Users\ajith\AppData\Local\Temp\surefire11256461892939138386 2024-10-02T23-32-23_875-jvmRun1 surefire1674459498975379497tmp surefire_015631625357371675888tmp"/>
    <property name="jdk.debug" value="release"/>
    <property name="surefire.test.class.path" value="C:\000-projects\000024-Turing\secretagentchallenge\secretagentchallenge\target\test-classes;C:\000-projects\000024-Turing\secretagentchallenge\secretagentchallenge\target\classes;C:\Users\ajith\.m2\repository\junit\junit\4.11\junit-4.11.jar;C:\Users\ajith\.m2\repository\org\hamcrest\hamcrest-core\1.3\hamcrest-core-1.3.jar;C:\Users\ajith\.m2\repository\org\fusesource\jansi\jansi\2.3.2\jansi-2.3.2.jar;"/>
    <property name="sun.cpu.endian" value="little"/>
    <property name="user.home" value="C:\Users\ajith"/>
    <property name="user.language" value="en"/>
    <property name="java.specification.vendor" value="Oracle Corporation"/>
    <property name="java.version.date" value="2024-07-16"/>
    <property name="java.home" value="C:\Program Files\Java\jdk-22"/>
    <property name="file.separator" value="\"/>
    <property name="basedir" value="C:\000-projects\000024-Turing\secretagentchallenge\secretagentchallenge"/>
    <property name="java.vm.compressedOopsMode" value="Zero based"/>
    <property name="line.separator" value="&#10;"/>
    <property name="java.vm.specification.vendor" value="Oracle Corporation"/>
    <property name="java.specification.name" value="Java Platform API Specification"/>
    <property name="surefire.real.class.path" value="C:\Users\ajith\AppData\Local\Temp\surefire11256461892939138386\surefirebooter17486093990118438659.jar"/>
    <property name="user.script" value=""/>
    <property name="sun.management.compiler" value="HotSpot 64-Bit Tiered Compilers"/>
    <property name="java.runtime.version" value="22.0.2+9-70"/>
    <property name="user.name" value="ajith"/>
    <property name="stdout.encoding" value="Cp1252"/>
    <property name="path.separator" value=";"/>
    <property name="os.version" value="10.0"/>
    <property name="java.runtime.name" value="Java(TM) SE Runtime Environment"/>
    <property name="file.encoding" value="UTF-8"/>
    <property name="java.vm.name" value="Java HotSpot(TM) 64-Bit Server VM"/>
    <property name="localRepository" value="C:\Users\ajith\.m2\repository"/>
    <property name="java.vendor.url.bug" value="https://bugreport.java.com/bugreport/"/>
    <property name="java.io.tmpdir" value="C:\Users\ajith\AppData\Local\Temp\"/>
    <property name="java.version" value="22.0.2"/>
    <property name="user.dir" value="C:\000-projects\000024-Turing\secretagentchallenge\secretagentchallenge"/>
    <property name="os.arch" value="amd64"/>
    <property name="java.vm.specification.name" value="Java Virtual Machine Specification"/>
    <property name="sun.os.patch.level" value=""/>
    <property name="native.encoding" value="Cp1252"/>
    <property name="java.library.path" value="C:\Program Files\Java\jdk-22\bin;C:\WINDOWS\Sun\Java\bin;C:\WINDOWS\system32;C:\WINDOWS;C:\Python312\Scripts\;C:\Python312\;C:\Python311\Scripts\;C:\Python311\;C:\WINDOWS\system32;C:\WINDOWS;C:\WINDOWS\System32\Wbem;C:\WINDOWS\System32\WindowsPowerShell\v1.0\;C:\WINDOWS\System32\OpenSSH\;C:\000-software\mysql-8.0.32-winx64\mysql-8.0.32-winx64\bin;C:\ProgramData\chocolatey\bin;C:\software\flutter_dec_29\flutter\bin;C:\Program Files\GitHub CLI\;C:\000-software\gradle-8.5-bin\gradle-8.5\bin;C:\WINDOWS\System32\WindowsPowerShell\v1.0\;C:\000-software\openssl;C:\Program Files\Graphviz\bin;C:\Program Files (x86)\Google\Cloud SDK\google-cloud-sdk\bin;C:\Users\ajith\AppData\Local\Pub\Cache\bin;C:\Program Files\Docker\Docker\resources\bin;C:\000-software\micro-2.0.13-win64\micro-2.0.13\;C:\Program Files\Git\cmd;C:\Program Files\nodejs\;C:\Program Files\Java\jdk-22\bin;C:\Program Files\MySQL\MySQL Shell 8.0\bin\;C:\Users\ajith\AppData\Local\Microsoft\WindowsApps;C:\Program Files\JetBrains\IntelliJ IDEA Community Edition 2022.3.1\bin;C:\Users\ajith\AppData\Local\Programs\Microsoft VS Code\bin;C:\software\apache-maven-3.9.4-bin\apache-maven-3.9.4\bin;C:\Users\ajith\AppData\Local\GitHubDesktop\bin;C:\Users\ajith\AppData\Local\atom\bin;C:\Users\ajith\AppData\Local\Programs\MiKTeX\miktex\bin\x64\;C:\software\flutter_dec_29\flutter\bin;C:\Users\ajith\AppData\Roaming\npm;."/>
    <property name="java.vm.info" value="mixed mode, sharing"/>
    <property name="stderr.encoding" value="Cp1252"/>
    <property name="java.vendor" value="Oracle Corporation"/>
    <property name="java.vm.version" value="22.0.2+9-70"/>
    <property name="sun.io.unicode.encoding" value="UnicodeLittle"/>
    <property name="java.class.version" value="66.0"/>
  </properties>
  <testcase name="shouldAnswerWithTrue" classname="com.divisosofttech.AppTest" time="0.007"/>
</testsuite>