<?xml version="1.0" encoding="UTF-8"?>
<testsuite xmlns:xsi="http://www.w3.org/2001/XMLSchema-instance" xsi:noNamespaceSchemaLocation="https://maven.apache.org/surefire/maven-surefire-plugin/xsd/surefire-test-report-3.0.xsd" version="3.0" name="com.lxisoft.AppTest" time="0.031" tests="1" errors="0" skipped="0" failures="0">
  <properties>
    <property name="java.specification.version" value="21"/>
    <property name="sun.cpu.isalist" value="amd64"/>
    <property name="sun.jnu.encoding" value="Cp1252"/>
    <property name="java.class.path" value="C:\maven\intrack\target\test-classes;C:\maven\intrack\target\classes;C:\Users\sreej\.m2\repository\junit\junit\3.8.1\junit-3.8.1.jar;C:\Users\sreej\.m2\repository\org\springframework\spring-context\6.0.0\spring-context-6.0.0.jar;C:\Users\sreej\.m2\repository\org\springframework\spring-aop\6.0.0\spring-aop-6.0.0.jar;C:\Users\sreej\.m2\repository\org\springframework\spring-beans\6.0.0\spring-beans-6.0.0.jar;C:\Users\sreej\.m2\repository\org\springframework\spring-core\6.0.0\spring-core-6.0.0.jar;C:\Users\sreej\.m2\repository\org\springframework\spring-jcl\6.0.0\spring-jcl-6.0.0.jar;C:\Users\sreej\.m2\repository\org\springframework\spring-expression\6.0.0\spring-expression-6.0.0.jar;C:\Users\sreej\.m2\repository\org\springframework\spring-webmvc\6.0.0\spring-webmvc-6.0.0.jar;C:\Users\sreej\.m2\repository\org\springframework\spring-web\6.0.0\spring-web-6.0.0.jar;C:\Users\sreej\.m2\repository\io\micrometer\micrometer-observation\1.10.0\micrometer-observation-1.10.0.jar;C:\Users\sreej\.m2\repository\io\micrometer\micrometer-commons\1.10.0\micrometer-commons-1.10.0.jar;C:\Users\sreej\.m2\repository\org\springframework\spring-test\6.0.0\spring-test-6.0.0.jar;C:\Users\sreej\.m2\repository\com\fasterxml\jackson\core\jackson-databind\2.15.0\jackson-databind-2.15.0.jar;C:\Users\sreej\.m2\repository\com\fasterxml\jackson\core\jackson-annotations\2.15.0\jackson-annotations-2.15.0.jar;C:\Users\sreej\.m2\repository\com\fasterxml\jackson\core\jackson-core\2.15.0\jackson-core-2.15.0.jar;C:\Users\sreej\.m2\repository\javax\servlet\javax.servlet-api\4.0.1\javax.servlet-api-4.0.1.jar;C:\Users\sreej\.m2\repository\jakarta\servlet\jakarta.servlet-api\5.0.0\jakarta.servlet-api-5.0.0.jar;"/>
    <property name="java.vm.vendor" value="Oracle Corporation"/>
    <property name="sun.arch.data.model" value="64"/>
    <property name="user.variant" value=""/>
    <property name="java.vendor.url" value="https://java.oracle.com/"/>
    <property name="user.timezone" value="Asia/Calcutta"/>
    <property name="os.name" value="Windows 11"/>
    <property name="java.vm.specification.version" value="21"/>
    <property name="sun.java.launcher" value="SUN_STANDARD"/>
    <property name="user.country" value="IN"/>
    <property name="sun.boot.library.path" value="C:\Program Files\Java\jdk-21\bin"/>
    <property name="sun.java.command" value="C:\Users\sreej\AppData\Local\Temp\surefire556952252188137783\surefirebooter-20240926205154420_3.jar C:\Users\sreej\AppData\Local\Temp\surefire556952252188137783 2024-09-26T20-51-54_295-jvmRun1 surefire-20240926205154420_1tmp surefire_0-20240926205154420_2tmp"/>
    <property name="jdk.debug" value="release"/>
    <property name="surefire.test.class.path" value="C:\maven\intrack\target\test-classes;C:\maven\intrack\target\classes;C:\Users\sreej\.m2\repository\junit\junit\3.8.1\junit-3.8.1.jar;C:\Users\sreej\.m2\repository\org\springframework\spring-context\6.0.0\spring-context-6.0.0.jar;C:\Users\sreej\.m2\repository\org\springframework\spring-aop\6.0.0\spring-aop-6.0.0.jar;C:\Users\sreej\.m2\repository\org\springframework\spring-beans\6.0.0\spring-beans-6.0.0.jar;C:\Users\sreej\.m2\repository\org\springframework\spring-core\6.0.0\spring-core-6.0.0.jar;C:\Users\sreej\.m2\repository\org\springframework\spring-jcl\6.0.0\spring-jcl-6.0.0.jar;C:\Users\sreej\.m2\repository\org\springframework\spring-expression\6.0.0\spring-expression-6.0.0.jar;C:\Users\sreej\.m2\repository\org\springframework\spring-webmvc\6.0.0\spring-webmvc-6.0.0.jar;C:\Users\sreej\.m2\repository\org\springframework\spring-web\6.0.0\spring-web-6.0.0.jar;C:\Users\sreej\.m2\repository\io\micrometer\micrometer-observation\1.10.0\micrometer-observation-1.10.0.jar;C:\Users\sreej\.m2\repository\io\micrometer\micrometer-commons\1.10.0\micrometer-commons-1.10.0.jar;C:\Users\sreej\.m2\repository\org\springframework\spring-test\6.0.0\spring-test-6.0.0.jar;C:\Users\sreej\.m2\repository\com\fasterxml\jackson\core\jackson-databind\2.15.0\jackson-databind-2.15.0.jar;C:\Users\sreej\.m2\repository\com\fasterxml\jackson\core\jackson-annotations\2.15.0\jackson-annotations-2.15.0.jar;C:\Users\sreej\.m2\repository\com\fasterxml\jackson\core\jackson-core\2.15.0\jackson-core-2.15.0.jar;C:\Users\sreej\.m2\repository\javax\servlet\javax.servlet-api\4.0.1\javax.servlet-api-4.0.1.jar;C:\Users\sreej\.m2\repository\jakarta\servlet\jakarta.servlet-api\5.0.0\jakarta.servlet-api-5.0.0.jar;"/>
    <property name="sun.cpu.endian" value="little"/>
    <property name="user.home" value="C:\Users\sreej"/>
    <property name="user.language" value="en"/>
    <property name="java.specification.vendor" value="Oracle Corporation"/>
    <property name="java.version.date" value="2024-01-16"/>
    <property name="java.home" value="C:\Program Files\Java\jdk-21"/>
    <property name="file.separator" value="\"/>
    <property name="basedir" value="C:\maven\intrack"/>
    <property name="java.vm.compressedOopsMode" value="32-bit"/>
    <property name="line.separator" value="&#10;"/>
    <property name="java.vm.specification.vendor" value="Oracle Corporation"/>
    <property name="java.specification.name" value="Java Platform API Specification"/>
    <property name="surefire.real.class.path" value="C:\Users\sreej\AppData\Local\Temp\surefire556952252188137783\surefirebooter-20240926205154420_3.jar"/>
    <property name="user.script" value=""/>
    <property name="sun.management.compiler" value="HotSpot 64-Bit Tiered Compilers"/>
    <property name="java.runtime.version" value="21.0.2+13-LTS-58"/>
    <property name="user.name" value="sreej"/>
    <property name="stdout.encoding" value="Cp1252"/>
    <property name="path.separator" value=";"/>
    <property name="os.version" value="10.0"/>
    <property name="java.runtime.name" value="Java(TM) SE Runtime Environment"/>
    <property name="file.encoding" value="UTF-8"/>
    <property name="java.vm.name" value="Java HotSpot(TM) 64-Bit Server VM"/>
    <property name="localRepository" value="C:\Users\sreej\.m2\repository"/>
    <property name="java.vendor.url.bug" value="https://bugreport.java.com/bugreport/"/>
    <property name="java.io.tmpdir" value="C:\Users\sreej\AppData\Local\Temp\"/>
    <property name="java.version" value="21.0.2"/>
    <property name="user.dir" value="C:\maven\intrack"/>
    <property name="os.arch" value="amd64"/>
    <property name="java.vm.specification.name" value="Java Virtual Machine Specification"/>
    <property name="sun.os.patch.level" value=""/>
    <property name="native.encoding" value="Cp1252"/>
    <property name="java.library.path" value="C:\Program Files\Java\jdk-21\bin;C:\windows\Sun\Java\bin;C:\windows\system32;C:\windows;C:\Program Files\Common Files\Oracle\Java\javapath;C:\windows\system32;C:\windows;C:\windows\System32\Wbem;C:\windows\System32\WindowsPowerShell\v1.0\;C:\windows\System32\OpenSSH\;C:\Program Files\Java\jdk-21\bin;C:\Program Files\Git\cmd;C:\Program Files\Git\bin;C:\apache-maven-3.9.8\bin;C:\Users\sreej\AppData\Local\Microsoft\WindowsApps;C:\Program Files\Java\jdk-21;C:\Users\public\AppData\Local\Programs\Microsoft VS Code\bin;C:\Users\sreej\AppData\Local\GitHubDesktop\bin;."/>
    <property name="java.vm.info" value="mixed mode, sharing"/>
    <property name="stderr.encoding" value="Cp1252"/>
    <property name="java.vendor" value="Oracle Corporation"/>
    <property name="java.vm.version" value="21.0.2+13-LTS-58"/>
    <property name="sun.io.unicode.encoding" value="UnicodeLittle"/>
    <property name="java.class.version" value="65.0"/>
  </properties>
  <testcase name="testApp" classname="com.lxisoft.AppTest" time="0.002"/>
</testsuite>